<?xml version="1.0" encoding="UTF-8"?>
<testsuite xmlns:xsi="http://www.w3.org/2001/XMLSchema-instance" xsi:noNamespaceSchemaLocation="https://maven.apache.org/surefire/maven-surefire-plugin/xsd/surefire-test-report.xsd" name="com.team.backend.BackendApplicationTests" time="7.249" tests="1" errors="0" skipped="0" failures="0">
  <properties>
    <property name="java.specification.version" value="14"/>
    <property name="sun.cpu.isalist" value="amd64"/>
    <property name="sun.jnu.encoding" value="GBK"/>
    <property name="java.class.path" value="C:\Users\11267\Desktop\作业\软工实践\ZMXYQ_teamRepository\backend\target\test-classes;C:\Users\11267\Desktop\作业\软工实践\ZMXYQ_teamRepository\backend\target\classes;E:\apache-maven-3.6.3\repository\org\springframework\boot\spring-boot-starter-jdbc\2.4.5\spring-boot-starter-jdbc-2.4.5.jar;E:\apache-maven-3.6.3\repository\org\springframework\boot\spring-boot-starter\2.4.5\spring-boot-starter-2.4.5.jar;E:\apache-maven-3.6.3\repository\org\springframework\boot\spring-boot-starter-logging\2.4.5\spring-boot-starter-logging-2.4.5.jar;E:\apache-maven-3.6.3\repository\ch\qos\logback\logback-classic\1.2.3\logback-classic-1.2.3.jar;E:\apache-maven-3.6.3\repository\ch\qos\logback\logback-core\1.2.3\logback-core-1.2.3.jar;E:\apache-maven-3.6.3\repository\org\apache\logging\log4j\log4j-to-slf4j\2.13.3\log4j-to-slf4j-2.13.3.jar;E:\apache-maven-3.6.3\repository\org\apache\logging\log4j\log4j-api\2.13.3\log4j-api-2.13.3.jar;E:\apache-maven-3.6.3\repository\org\slf4j\jul-to-slf4j\1.7.30\jul-to-slf4j-1.7.30.jar;E:\apache-maven-3.6.3\repository\jakarta\annotation\jakarta.annotation-api\1.3.5\jakarta.annotation-api-1.3.5.jar;E:\apache-maven-3.6.3\repository\org\yaml\snakeyaml\1.27\snakeyaml-1.27.jar;E:\apache-maven-3.6.3\repository\com\zaxxer\HikariCP\3.4.5\HikariCP-3.4.5.jar;E:\apache-maven-3.6.3\repository\org\springframework\spring-jdbc\5.3.6\spring-jdbc-5.3.6.jar;E:\apache-maven-3.6.3\repository\org\springframework\spring-beans\5.3.6\spring-beans-5.3.6.jar;E:\apache-maven-3.6.3\repository\org\springframework\spring-tx\5.3.6\spring-tx-5.3.6.jar;E:\apache-maven-3.6.3\repository\org\springframework\boot\spring-boot-starter-web\2.4.5\spring-boot-starter-web-2.4.5.jar;E:\apache-maven-3.6.3\repository\org\springframework\boot\spring-boot-starter-json\2.4.5\spring-boot-starter-json-2.4.5.jar;E:\apache-maven-3.6.3\repository\com\fasterxml\jackson\core\jackson-databind\2.11.4\jackson-databind-2.11.4.jar;E:\apache-maven-3.6.3\repository\com\fasterxml\jackson\core\jackson-core\2.11.4\jackson-core-2.11.4.jar;E:\apache-maven-3.6.3\repository\com\fasterxml\jackson\datatype\jackson-datatype-jdk8\2.11.4\jackson-datatype-jdk8-2.11.4.jar;E:\apache-maven-3.6.3\repository\com\fasterxml\jackson\datatype\jackson-datatype-jsr310\2.11.4\jackson-datatype-jsr310-2.11.4.jar;E:\apache-maven-3.6.3\repository\com\fasterxml\jackson\module\jackson-module-parameter-names\2.11.4\jackson-module-parameter-names-2.11.4.jar;E:\apache-maven-3.6.3\repository\org\springframework\boot\spring-boot-starter-tomcat\2.4.5\spring-boot-starter-tomcat-2.4.5.jar;E:\apache-maven-3.6.3\repository\org\apache\tomcat\embed\tomcat-embed-core\9.0.45\tomcat-embed-core-9.0.45.jar;E:\apache-maven-3.6.3\repository\org\glassfish\jakarta.el\3.0.3\jakarta.el-3.0.3.jar;E:\apache-maven-3.6.3\repository\org\apache\tomcat\embed\tomcat-embed-websocket\9.0.45\tomcat-embed-websocket-9.0.45.jar;E:\apache-maven-3.6.3\repository\org\springframework\spring-web\5.3.6\spring-web-5.3.6.jar;E:\apache-maven-3.6.3\repository\org\springframework\spring-webmvc\5.3.6\spring-webmvc-5.3.6.jar;E:\apache-maven-3.6.3\repository\org\springframework\spring-aop\5.3.6\spring-aop-5.3.6.jar;E:\apache-maven-3.6.3\repository\org\springframework\spring-context\5.3.6\spring-context-5.3.6.jar;E:\apache-maven-3.6.3\repository\org\springframework\spring-expression\5.3.6\spring-expression-5.3.6.jar;E:\apache-maven-3.6.3\repository\org\springframework\boot\spring-boot-devtools\2.4.5\spring-boot-devtools-2.4.5.jar;E:\apache-maven-3.6.3\repository\org\springframework\boot\spring-boot\2.4.5\spring-boot-2.4.5.jar;E:\apache-maven-3.6.3\repository\org\springframework\boot\spring-boot-autoconfigure\2.4.5\spring-boot-autoconfigure-2.4.5.jar;E:\apache-maven-3.6.3\repository\mysql\mysql-connector-java\8.0.23\mysql-connector-java-8.0.23.jar;E:\apache-maven-3.6.3\repository\org\projectlombok\lombok\1.18.20\lombok-1.18.20.jar;E:\apache-maven-3.6.3\repository\org\springframework\boot\spring-boot-starter-test\2.4.5\spring-boot-starter-test-2.4.5.jar;E:\apache-maven-3.6.3\repository\org\springframework\boot\spring-boot-test\2.4.5\spring-boot-test-2.4.5.jar;E:\apache-maven-3.6.3\repository\org\springframework\boot\spring-boot-test-autoconfigure\2.4.5\spring-boot-test-autoconfigure-2.4.5.jar;E:\apache-maven-3.6.3\repository\com\jayway\jsonpath\json-path\2.4.0\json-path-2.4.0.jar;E:\apache-maven-3.6.3\repository\net\minidev\json-smart\2.3\json-smart-2.3.jar;E:\apache-maven-3.6.3\repository\net\minidev\accessors-smart\1.2\accessors-smart-1.2.jar;E:\apache-maven-3.6.3\repository\org\ow2\asm\asm\5.0.4\asm-5.0.4.jar;E:\apache-maven-3.6.3\repository\jakarta\xml\bind\jakarta.xml.bind-api\2.3.3\jakarta.xml.bind-api-2.3.3.jar;E:\apache-maven-3.6.3\repository\jakarta\activation\jakarta.activation-api\1.2.2\jakarta.activation-api-1.2.2.jar;E:\apache-maven-3.6.3\repository\org\assertj\assertj-core\3.18.1\assertj-core-3.18.1.jar;E:\apache-maven-3.6.3\repository\org\hamcrest\hamcrest\2.2\hamcrest-2.2.jar;E:\apache-maven-3.6.3\repository\org\junit\jupiter\junit-jupiter\5.7.1\junit-jupiter-5.7.1.jar;E:\apache-maven-3.6.3\repository\org\junit\jupiter\junit-jupiter-params\5.7.1\junit-jupiter-params-5.7.1.jar;E:\apache-maven-3.6.3\repository\org\junit\jupiter\junit-jupiter-engine\5.7.1\junit-jupiter-engine-5.7.1.jar;E:\apache-maven-3.6.3\repository\org\junit\platform\junit-platform-engine\1.7.1\junit-platform-engine-1.7.1.jar;E:\apache-maven-3.6.3\repository\org\mockito\mockito-core\3.6.28\mockito-core-3.6.28.jar;E:\apache-maven-3.6.3\repository\net\bytebuddy\byte-buddy\1.10.22\byte-buddy-1.10.22.jar;E:\apache-maven-3.6.3\repository\net\bytebuddy\byte-buddy-agent\1.10.22\byte-buddy-agent-1.10.22.jar;E:\apache-maven-3.6.3\repository\org\objenesis\objenesis\3.1\objenesis-3.1.jar;E:\apache-maven-3.6.3\repository\org\mockito\mockito-junit-jupiter\3.6.28\mockito-junit-jupiter-3.6.28.jar;E:\apache-maven-3.6.3\repository\org\skyscreamer\jsonassert\1.5.0\jsonassert-1.5.0.jar;E:\apache-maven-3.6.3\repository\com\vaadin\external\google\android-json\0.0.20131108.vaadin1\android-json-0.0.20131108.vaadin1.jar;E:\apache-maven-3.6.3\repository\org\springframework\spring-core\5.3.6\spring-core-5.3.6.jar;E:\apache-maven-3.6.3\repository\org\springframework\spring-jcl\5.3.6\spring-jcl-5.3.6.jar;E:\apache-maven-3.6.3\repository\org\springframework\spring-test\5.3.6\spring-test-5.3.6.jar;E:\apache-maven-3.6.3\repository\org\xmlunit\xmlunit-core\2.7.0\xmlunit-core-2.7.0.jar;E:\apache-maven-3.6.3\repository\com\baomidou\mybatis-plus-boot-starter\3.3.1\mybatis-plus-boot-starter-3.3.1.jar;E:\apache-maven-3.6.3\repository\com\baomidou\mybatis-plus\3.3.1\mybatis-plus-3.3.1.jar;E:\apache-maven-3.6.3\repository\com\baomidou\mybatis-plus-generator\3.3.1\mybatis-plus-generator-3.3.1.jar;E:\apache-maven-3.6.3\repository\com\baomidou\mybatis-plus-extension\3.3.1\mybatis-plus-extension-3.3.1.jar;E:\apache-maven-3.6.3\repository\com\baomidou\mybatis-plus-core\3.3.1\mybatis-plus-core-3.3.1.jar;E:\apache-maven-3.6.3\repository\com\baomidou\mybatis-plus-annotation\3.3.1\mybatis-plus-annotation-3.3.1.jar;E:\apache-maven-3.6.3\repository\com\github\jsqlparser\jsqlparser\3.1\jsqlparser-3.1.jar;E:\apache-maven-3.6.3\repository\org\mybatis\mybatis\3.5.3\mybatis-3.5.3.jar;E:\apache-maven-3.6.3\repository\org\mybatis\mybatis-spring\2.0.3\mybatis-spring-2.0.3.jar;E:\apache-maven-3.6.3\repository\org\apache\velocity\velocity-engine-core\2.0\velocity-engine-core-2.0.jar;E:\apache-maven-3.6.3\repository\org\apache\commons\commons-lang3\3.11\commons-lang3-3.11.jar;E:\apache-maven-3.6.3\repository\org\slf4j\slf4j-api\1.7.30\slf4j-api-1.7.30.jar;E:\apache-maven-3.6.3\repository\io\swagger\swagger-models\1.5.21\swagger-models-1.5.21.jar;E:\apache-maven-3.6.3\repository\com\fasterxml\jackson\core\jackson-annotations\2.11.4\jackson-annotations-2.11.4.jar;E:\apache-maven-3.6.3\repository\io\swagger\swagger-annotations\1.5.21\swagger-annotations-1.5.21.jar;E:\apache-maven-3.6.3\repository\io\springfox\springfox-swagger-ui\2.9.2\springfox-swagger-ui-2.9.2.jar;E:\apache-maven-3.6.3\repository\io\springfox\springfox-spring-web\2.9.2\springfox-spring-web-2.9.2.jar;E:\apache-maven-3.6.3\repository\io\springfox\springfox-swagger2\2.9.2\springfox-swagger2-2.9.2.jar;E:\apache-maven-3.6.3\repository\io\springfox\springfox-spi\2.9.2\springfox-spi-2.9.2.jar;E:\apache-maven-3.6.3\repository\io\springfox\springfox-core\2.9.2\springfox-core-2.9.2.jar;E:\apache-maven-3.6.3\repository\io\springfox\springfox-schema\2.9.2\springfox-schema-2.9.2.jar;E:\apache-maven-3.6.3\repository\io\springfox\springfox-swagger-common\2.9.2\springfox-swagger-common-2.9.2.jar;E:\apache-maven-3.6.3\repository\com\google\guava\guava\20.0\guava-20.0.jar;E:\apache-maven-3.6.3\repository\com\fasterxml\classmate\1.5.1\classmate-1.5.1.jar;E:\apache-maven-3.6.3\repository\org\springframework\plugin\spring-plugin-core\1.2.0.RELEASE\spring-plugin-core-1.2.0.RELEASE.jar;E:\apache-maven-3.6.3\repository\org\springframework\plugin\spring-plugin-metadata\1.2.0.RELEASE\spring-plugin-metadata-1.2.0.RELEASE.jar;E:\apache-maven-3.6.3\repository\org\mapstruct\mapstruct\1.2.0.Final\mapstruct-1.2.0.Final.jar;E:\apache-maven-3.6.3\repository\org\aspectj\aspectjweaver\1.9.6\aspectjweaver-1.9.6.jar;E:\apache-maven-3.6.3\repository\commons-codec\commons-codec\1.14\commons-codec-1.14.jar;E:\apache-maven-3.6.3\repository\org\junit\jupiter\junit-jupiter-api\5.7.1\junit-jupiter-api-5.7.1.jar;E:\apache-maven-3.6.3\repository\org\apiguardian\apiguardian-api\1.1.0\apiguardian-api-1.1.0.jar;E:\apache-maven-3.6.3\repository\org\opentest4j\opentest4j\1.2.0\opentest4j-1.2.0.jar;E:\apache-maven-3.6.3\repository\org\junit\platform\junit-platform-commons\1.7.1\junit-platform-commons-1.7.1.jar;E:\apache-maven-3.6.3\repository\com\alibaba\fastjson\1.2.47\fastjson-1.2.47.jar;"/>
    <property name="java.vm.vendor" value="Oracle Corporation"/>
    <property name="sun.arch.data.model" value="64"/>
    <property name="user.variant" value=""/>
    <property name="java.vendor.url" value="https://java.oracle.com/"/>
    <property name="user.timezone" value="Asia/Shanghai"/>
    <property name="os.name" value="Windows 10"/>
    <property name="java.vm.specification.version" value="14"/>
    <property name="sun.java.launcher" value="SUN_STANDARD"/>
    <property name="user.country" value="CN"/>
    <property name="sun.boot.library.path" value="E:\Java\java14\bin"/>
    <property name="sun.java.command" value="C:\Users\11267\AppData\Local\Temp\surefire16398950272972883824\surefirebooter15419938560576685109.jar C:\Users\11267\AppData\Local\Temp\surefire16398950272972883824 2021-05-09T16-42-57_012-jvmRun1 surefire16041973336567485132tmp surefire_011378538211656072433tmp"/>
    <property name="jdk.debug" value="release"/>
    <property name="surefire.test.class.path" value="C:\Users\11267\Desktop\作业\软工实践\ZMXYQ_teamRepository\backend\target\test-classes;C:\Users\11267\Desktop\作业\软工实践\ZMXYQ_teamRepository\backend\target\classes;E:\apache-maven-3.6.3\repository\org\springframework\boot\spring-boot-starter-jdbc\2.4.5\spring-boot-starter-jdbc-2.4.5.jar;E:\apache-maven-3.6.3\repository\org\springframework\boot\spring-boot-starter\2.4.5\spring-boot-starter-2.4.5.jar;E:\apache-maven-3.6.3\repository\org\springframework\boot\spring-boot-starter-logging\2.4.5\spring-boot-starter-logging-2.4.5.jar;E:\apache-maven-3.6.3\repository\ch\qos\logback\logback-classic\1.2.3\logback-classic-1.2.3.jar;E:\apache-maven-3.6.3\repository\ch\qos\logback\logback-core\1.2.3\logback-core-1.2.3.jar;E:\apache-maven-3.6.3\repository\org\apache\logging\log4j\log4j-to-slf4j\2.13.3\log4j-to-slf4j-2.13.3.jar;E:\apache-maven-3.6.3\repository\org\apache\logging\log4j\log4j-api\2.13.3\log4j-api-2.13.3.jar;E:\apache-maven-3.6.3\repository\org\slf4j\jul-to-slf4j\1.7.30\jul-to-slf4j-1.7.30.jar;E:\apache-maven-3.6.3\repository\jakarta\annotation\jakarta.annotation-api\1.3.5\jakarta.annotation-api-1.3.5.jar;E:\apache-maven-3.6.3\repository\org\yaml\snakeyaml\1.27\snakeyaml-1.27.jar;E:\apache-maven-3.6.3\repository\com\zaxxer\HikariCP\3.4.5\HikariCP-3.4.5.jar;E:\apache-maven-3.6.3\repository\org\springframework\spring-jdbc\5.3.6\spring-jdbc-5.3.6.jar;E:\apache-maven-3.6.3\repository\org\springframework\spring-beans\5.3.6\spring-beans-5.3.6.jar;E:\apache-maven-3.6.3\repository\org\springframework\spring-tx\5.3.6\spring-tx-5.3.6.jar;E:\apache-maven-3.6.3\repository\org\springframework\boot\spring-boot-starter-web\2.4.5\spring-boot-starter-web-2.4.5.jar;E:\apache-maven-3.6.3\repository\org\springframework\boot\spring-boot-starter-json\2.4.5\spring-boot-starter-json-2.4.5.jar;E:\apache-maven-3.6.3\repository\com\fasterxml\jackson\core\jackson-databind\2.11.4\jackson-databind-2.11.4.jar;E:\apache-maven-3.6.3\repository\com\fasterxml\jackson\core\jackson-core\2.11.4\jackson-core-2.11.4.jar;E:\apache-maven-3.6.3\repository\com\fasterxml\jackson\datatype\jackson-datatype-jdk8\2.11.4\jackson-datatype-jdk8-2.11.4.jar;E:\apache-maven-3.6.3\repository\com\fasterxml\jackson\datatype\jackson-datatype-jsr310\2.11.4\jackson-datatype-jsr310-2.11.4.jar;E:\apache-maven-3.6.3\repository\com\fasterxml\jackson\module\jackson-module-parameter-names\2.11.4\jackson-module-parameter-names-2.11.4.jar;E:\apache-maven-3.6.3\repository\org\springframework\boot\spring-boot-starter-tomcat\2.4.5\spring-boot-starter-tomcat-2.4.5.jar;E:\apache-maven-3.6.3\repository\org\apache\tomcat\embed\tomcat-embed-core\9.0.45\tomcat-embed-core-9.0.45.jar;E:\apache-maven-3.6.3\repository\org\glassfish\jakarta.el\3.0.3\jakarta.el-3.0.3.jar;E:\apache-maven-3.6.3\repository\org\apache\tomcat\embed\tomcat-embed-websocket\9.0.45\tomcat-embed-websocket-9.0.45.jar;E:\apache-maven-3.6.3\repository\org\springframework\spring-web\5.3.6\spring-web-5.3.6.jar;E:\apache-maven-3.6.3\repository\org\springframework\spring-webmvc\5.3.6\spring-webmvc-5.3.6.jar;E:\apache-maven-3.6.3\repository\org\springframework\spring-aop\5.3.6\spring-aop-5.3.6.jar;E:\apache-maven-3.6.3\repository\org\springframework\spring-context\5.3.6\spring-context-5.3.6.jar;E:\apache-maven-3.6.3\repository\org\springframework\spring-expression\5.3.6\spring-expression-5.3.6.jar;E:\apache-maven-3.6.3\repository\org\springframework\boot\spring-boot-devtools\2.4.5\spring-boot-devtools-2.4.5.jar;E:\apache-maven-3.6.3\repository\org\springframework\boot\spring-boot\2.4.5\spring-boot-2.4.5.jar;E:\apache-maven-3.6.3\repository\org\springframework\boot\spring-boot-autoconfigure\2.4.5\spring-boot-autoconfigure-2.4.5.jar;E:\apache-maven-3.6.3\repository\mysql\mysql-connector-java\8.0.23\mysql-connector-java-8.0.23.jar;E:\apache-maven-3.6.3\repository\org\projectlombok\lombok\1.18.20\lombok-1.18.20.jar;E:\apache-maven-3.6.3\repository\org\springframework\boot\spring-boot-starter-test\2.4.5\spring-boot-starter-test-2.4.5.jar;E:\apache-maven-3.6.3\repository\org\springframework\boot\spring-boot-test\2.4.5\spring-boot-test-2.4.5.jar;E:\apache-maven-3.6.3\repository\org\springframework\boot\spring-boot-test-autoconfigure\2.4.5\spring-boot-test-autoconfigure-2.4.5.jar;E:\apache-maven-3.6.3\repository\com\jayway\jsonpath\json-path\2.4.0\json-path-2.4.0.jar;E:\apache-maven-3.6.3\repository\net\minidev\json-smart\2.3\json-smart-2.3.jar;E:\apache-maven-3.6.3\repository\net\minidev\accessors-smart\1.2\accessors-smart-1.2.jar;E:\apache-maven-3.6.3\repository\org\ow2\asm\asm\5.0.4\asm-5.0.4.jar;E:\apache-maven-3.6.3\repository\jakarta\xml\bind\jakarta.xml.bind-api\2.3.3\jakarta.xml.bind-api-2.3.3.jar;E:\apache-maven-3.6.3\repository\jakarta\activation\jakarta.activation-api\1.2.2\jakarta.activation-api-1.2.2.jar;E:\apache-maven-3.6.3\repository\org\assertj\assertj-core\3.18.1\assertj-core-3.18.1.jar;E:\apache-maven-3.6.3\repository\org\hamcrest\hamcrest\2.2\hamcrest-2.2.jar;E:\apache-maven-3.6.3\repository\org\junit\jupiter\junit-jupiter\5.7.1\junit-jupiter-5.7.1.jar;E:\apache-maven-3.6.3\repository\org\junit\jupiter\junit-jupiter-params\5.7.1\junit-jupiter-params-5.7.1.jar;E:\apache-maven-3.6.3\repository\org\junit\jupiter\junit-jupiter-engine\5.7.1\junit-jupiter-engine-5.7.1.jar;E:\apache-maven-3.6.3\repository\org\junit\platform\junit-platform-engine\1.7.1\junit-platform-engine-1.7.1.jar;E:\apache-maven-3.6.3\repository\org\mockito\mockito-core\3.6.28\mockito-core-3.6.28.jar;E:\apache-maven-3.6.3\repository\net\bytebuddy\byte-buddy\1.10.22\byte-buddy-1.10.22.jar;E:\apache-maven-3.6.3\repository\net\bytebuddy\byte-buddy-agent\1.10.22\byte-buddy-agent-1.10.22.jar;E:\apache-maven-3.6.3\repository\org\objenesis\objenesis\3.1\objenesis-3.1.jar;E:\apache-maven-3.6.3\repository\org\mockito\mockito-junit-jupiter\3.6.28\mockito-junit-jupiter-3.6.28.jar;E:\apache-maven-3.6.3\repository\org\skyscreamer\jsonassert\1.5.0\jsonassert-1.5.0.jar;E:\apache-maven-3.6.3\repository\com\vaadin\external\google\android-json\0.0.20131108.vaadin1\android-json-0.0.20131108.vaadin1.jar;E:\apache-maven-3.6.3\repository\org\springframework\spring-core\5.3.6\spring-core-5.3.6.jar;E:\apache-maven-3.6.3\repository\org\springframework\spring-jcl\5.3.6\spring-jcl-5.3.6.jar;E:\apache-maven-3.6.3\repository\org\springframework\spring-test\5.3.6\spring-test-5.3.6.jar;E:\apache-maven-3.6.3\repository\org\xmlunit\xmlunit-core\2.7.0\xmlunit-core-2.7.0.jar;E:\apache-maven-3.6.3\repository\com\baomidou\mybatis-plus-boot-starter\3.3.1\mybatis-plus-boot-starter-3.3.1.jar;E:\apache-maven-3.6.3\repository\com\baomidou\mybatis-plus\3.3.1\mybatis-plus-3.3.1.jar;E:\apache-maven-3.6.3\repository\com\baomidou\mybatis-plus-generator\3.3.1\mybatis-plus-generator-3.3.1.jar;E:\apache-maven-3.6.3\repository\com\baomidou\mybatis-plus-extension\3.3.1\mybatis-plus-extension-3.3.1.jar;E:\apache-maven-3.6.3\repository\com\baomidou\mybatis-plus-core\3.3.1\mybatis-plus-core-3.3.1.jar;E:\apache-maven-3.6.3\repository\com\baomidou\mybatis-plus-annotation\3.3.1\mybatis-plus-annotation-3.3.1.jar;E:\apache-maven-3.6.3\repository\com\github\jsqlparser\jsqlparser\3.1\jsqlparser-3.1.jar;E:\apache-maven-3.6.3\repository\org\mybatis\mybatis\3.5.3\mybatis-3.5.3.jar;E:\apache-maven-3.6.3\repository\org\mybatis\mybatis-spring\2.0.3\mybatis-spring-2.0.3.jar;E:\apache-maven-3.6.3\repository\org\apache\velocity\velocity-engine-core\2.0\velocity-engine-core-2.0.jar;E:\apache-maven-3.6.3\repository\org\apache\commons\commons-lang3\3.11\commons-lang3-3.11.jar;E:\apache-maven-3.6.3\repository\org\slf4j\slf4j-api\1.7.30\slf4j-api-1.7.30.jar;E:\apache-maven-3.6.3\repository\io\swagger\swagger-models\1.5.21\swagger-models-1.5.21.jar;E:\apache-maven-3.6.3\repository\com\fasterxml\jackson\core\jackson-annotations\2.11.4\jackson-annotations-2.11.4.jar;E:\apache-maven-3.6.3\repository\io\swagger\swagger-annotations\1.5.21\swagger-annotations-1.5.21.jar;E:\apache-maven-3.6.3\repository\io\springfox\springfox-swagger-ui\2.9.2\springfox-swagger-ui-2.9.2.jar;E:\apache-maven-3.6.3\repository\io\springfox\springfox-spring-web\2.9.2\springfox-spring-web-2.9.2.jar;E:\apache-maven-3.6.3\repository\io\springfox\springfox-swagger2\2.9.2\springfox-swagger2-2.9.2.jar;E:\apache-maven-3.6.3\repository\io\springfox\springfox-spi\2.9.2\springfox-spi-2.9.2.jar;E:\apache-maven-3.6.3\repository\io\springfox\springfox-core\2.9.2\springfox-core-2.9.2.jar;E:\apache-maven-3.6.3\repository\io\springfox\springfox-schema\2.9.2\springfox-schema-2.9.2.jar;E:\apache-maven-3.6.3\repository\io\springfox\springfox-swagger-common\2.9.2\springfox-swagger-common-2.9.2.jar;E:\apache-maven-3.6.3\repository\com\google\guava\guava\20.0\guava-20.0.jar;E:\apache-maven-3.6.3\repository\com\fasterxml\classmate\1.5.1\classmate-1.5.1.jar;E:\apache-maven-3.6.3\repository\org\springframework\plugin\spring-plugin-core\1.2.0.RELEASE\spring-plugin-core-1.2.0.RELEASE.jar;E:\apache-maven-3.6.3\repository\org\springframework\plugin\spring-plugin-metadata\1.2.0.RELEASE\spring-plugin-metadata-1.2.0.RELEASE.jar;E:\apache-maven-3.6.3\repository\org\mapstruct\mapstruct\1.2.0.Final\mapstruct-1.2.0.Final.jar;E:\apache-maven-3.6.3\repository\org\aspectj\aspectjweaver\1.9.6\aspectjweaver-1.9.6.jar;E:\apache-maven-3.6.3\repository\commons-codec\commons-codec\1.14\commons-codec-1.14.jar;E:\apache-maven-3.6.3\repository\org\junit\jupiter\junit-jupiter-api\5.7.1\junit-jupiter-api-5.7.1.jar;E:\apache-maven-3.6.3\repository\org\apiguardian\apiguardian-api\1.1.0\apiguardian-api-1.1.0.jar;E:\apache-maven-3.6.3\repository\org\opentest4j\opentest4j\1.2.0\opentest4j-1.2.0.jar;E:\apache-maven-3.6.3\repository\org\junit\platform\junit-platform-commons\1.7.1\junit-platform-commons-1.7.1.jar;E:\apache-maven-3.6.3\repository\com\alibaba\fastjson\1.2.47\fastjson-1.2.47.jar;"/>
    <property name="sun.cpu.endian" value="little"/>
    <property name="user.home" value="C:\Users\11267"/>
    <property name="user.language" value="zh"/>
    <property name="java.specification.vendor" value="Oracle Corporation"/>
    <property name="java.version.date" value="2020-07-14"/>
    <property name="java.home" value="E:\Java\java14"/>
    <property name="file.separator" value="\"/>
    <property name="basedir" value="C:\Users\11267\Desktop\作业\软工实践\ZMXYQ_teamRepository\backend"/>
    <property name="java.vm.compressedOopsMode" value="Zero based"/>
    <property name="line.separator" value="&#10;"/>
    <property name="java.vm.specification.vendor" value="Oracle Corporation"/>
    <property name="java.specification.name" value="Java Platform API Specification"/>
    <property name="surefire.real.class.path" value="C:\Users\11267\AppData\Local\Temp\surefire16398950272972883824\surefirebooter15419938560576685109.jar"/>
    <property name="user.script" value=""/>
    <property name="sun.management.compiler" value="HotSpot 64-Bit Tiered Compilers"/>
    <property name="java.runtime.version" value="14.0.2+12-46"/>
    <property name="user.name" value="11267"/>
    <property name="path.separator" value=";"/>
    <property name="os.version" value="10.0"/>
    <property name="java.runtime.name" value="Java(TM) SE Runtime Environment"/>
    <property name="file.encoding" value="GBK"/>
    <property name="java.vm.name" value="Java HotSpot(TM) 64-Bit Server VM"/>
    <property name="localRepository" value="E:\apache-maven-3.6.3\repository"/>
    <property name="java.vendor.url.bug" value="https://bugreport.java.com/bugreport/"/>
    <property name="java.io.tmpdir" value="C:\Users\11267\AppData\Local\Temp\"/>
    <property name="idea.version" value="2020.3"/>
    <property name="java.version" value="14.0.2"/>
    <property name="user.dir" value="C:\Users\11267\Desktop\作业\软工实践\ZMXYQ_teamRepository\backend"/>
    <property name="os.arch" value="amd64"/>
    <property name="java.vm.specification.name" value="Java Virtual Machine Specification"/>
    <property name="sun.os.patch.level" value=""/>
    <property name="java.library.path" value="E:\Java\java14\bin;C:\Windows\Sun\Java\bin;C:\Windows\system32;C:\Windows;C:\Program Files (x86)\Common Files\Intel\OpenCL\windows\compiler\lib\intel64_win;C:\Program Files (x86)\Common Files\Intel\OpenCL\windows\compiler\lib\ia32_win;C:\Program Files\NVIDIA GPU Computing Toolkit\CUDA\v11.1\bin;C:\Program Files\NVIDIA GPU Computing Toolkit\CUDA\v11.1\libnvvp;D:\Program Files (x86)\VMware\VMware Workstation\bin\;C:\Windows\system32;C:\Windows;C:\Windows\System32\Wbem;C:\Windows\System32\WindowsPowerShell\v1.0\;C:\Windows\System32\OpenSSH\;D:\Go\bin;D:\Program Files (x86)\Python38-32;D:\python27;C:\Windows\System32;E:\java\jdk1.8.0_261x64\bin;E:\java\jdk1.8.0_261x64\jre\bin;C:\ProgramData\chocolatey\bin;D:\Program Files\nodejs\;D:\ctftool\Nmap;D:\phpStudy\PHPTutorial\php\php-8.0.0-nts;D:\MinGW64\bin;C:\Program Files\NVIDIA Corporation\Nsight Compute 2020.2.0\;C:\Program Files (x86)\NVIDIA Corporation\PhysX\Common;C:\Program Files\NVIDIA Corporation\NVIDIA NvDLISR;C:\Program Files\dotnet\;E:\apache-maven-3.6.3\bin;D:\phpStudy\PHPTutorial\tools\composer;D:\Program Files\Git\cmd;C:\Program Files\Docker\Docker\resources\bin;C:\ProgramData\DockerDesktop\version-bin;C:\Users\11267\scoop\shims;C:\Users\11267\AppData\Local\Microsoft\WindowsApps;C:\Users\11267\AppData\Roaming\npm;C:\Users\11267\AppData\Local\Programs\Microsoft VS Code\bin;D:\Microsoft VS Code\bin;C:\Users\11267\go\bin;d:\Program Files\JetBrains\GoLand 2020.2.3\bin;;D:\Program Files\JetBrains\IntelliJ IDEA 2020.2.3\bin;;C:\Users\11267\.dotnet\tools;."/>
    <property name="java.vm.info" value="mixed mode, sharing"/>
    <property name="java.vendor" value="Oracle Corporation"/>
    <property name="java.vm.version" value="14.0.2+12-46"/>
    <property name="sun.io.unicode.encoding" value="UnicodeLittle"/>
    <property name="java.class.version" value="58.0"/>
  </properties>
  <testcase name="contextLoads" classname="com.team.backend.BackendApplicationTests" time="0.48"/>
</testsuite>